05:06:25 DEBUG : Logs will be stored at 'C:/Users/jeilc/Desktop/385/lab6_2_workspace/IDE.log'.
05:06:27 INFO  : Launching XSCT server: xsct.bat -n  -interactive C:\Users\jeilc\Desktop\385\lab6_2_workspace\temp_xsdb_launch_script.tcl
05:06:27 INFO  : Platform repository initialization has completed.
05:06:28 INFO  : Registering command handlers for Vitis TCF services
05:06:37 INFO  : XSCT server has started successfully.
05:06:37 INFO  : plnx-install-location is set to ''
05:06:37 INFO  : Successfully done setting XSCT server connection channel  
05:06:37 INFO  : Successfully done query RDI_DATADIR 
05:06:37 INFO  : Successfully done setting workspace for the tool. 
05:08:01 INFO  : Result from executing command 'getProjects': mb_usb_hdmi_top
05:08:01 INFO  : Result from executing command 'getPlatforms': 
05:08:01 WARN  : An unexpected exception occurred in the module 'platform project logging'
05:08:01 INFO  : Platform 'mb_usb_hdmi_top' is added to custom repositories.
05:08:06 INFO  : Platform 'mb_usb_hdmi_top' is added to custom repositories.
05:09:22 INFO  : Result from executing command 'getProjects': mb_usb_hdmi_top
05:09:22 INFO  : Result from executing command 'getPlatforms': mb_usb_hdmi_top|C:/Users/jeilc/Desktop/385/lab6_2_workspace/mb_usb_hdmi_top/export/mb_usb_hdmi_top/mb_usb_hdmi_top.xpfm
05:09:22 INFO  : Checking for BSP changes to sync application flags for project 'mb_hdmi'...
05:14:05 INFO  : Checking for BSP changes to sync application flags for project 'mb_hdmi'...
05:14:48 INFO  : Result from executing command 'removePlatformRepo': 
05:14:54 INFO  : Result from executing command 'getProjects': mb_usb_hdmi_top
05:14:54 INFO  : Result from executing command 'getPlatforms': 
05:14:54 INFO  : Checking for BSP changes to sync application flags for project 'mb_hdmi'...
05:16:11 INFO  : Checking for BSP changes to sync application flags for project 'mb_hdmi'...
05:18:10 INFO  : Checking for BSP changes to sync application flags for project 'mb_hdmi'...
05:20:39 INFO  : Result from executing command 'removePlatformRepo': 
05:20:46 INFO  : Result from executing command 'getProjects': mb_usb_hdmi_top
05:20:46 INFO  : Result from executing command 'getPlatforms': 
05:20:46 INFO  : Checking for BSP changes to sync application flags for project 'mb_hdmi'...
05:21:31 INFO  : Checking for BSP changes to sync application flags for project 'mb_hdmi'...
05:22:08 INFO  : Result from executing command 'removePlatformRepo': 
05:22:14 INFO  : Result from executing command 'getProjects': mb_usb_hdmi_top
05:22:14 INFO  : Result from executing command 'getPlatforms': 
05:22:15 INFO  : Checking for BSP changes to sync application flags for project 'mb_hdmi'...
05:23:25 INFO  : Checking for BSP changes to sync application flags for project 'mb_hdmi'...
05:23:35 INFO  : Checking for BSP changes to sync application flags for project 'mb_hdmi'...
05:45:52 INFO  : Connected to target on host '127.0.0.1' and port '3121'.
05:45:52 INFO  : Jtag cable 'RealDigital Boo 8874292301B1A' is selected.
05:45:52 INFO  : 'jtag frequency' command is executed.
05:45:52 INFO  : 'targets -set -filter {jtag_cable_name =~ "RealDigital Boo 8874292301B1A" && level==0 && jtag_device_ctx=="jsn1-0362f093-0"}' command is executed.
05:45:54 INFO  : Device configured successfully with "C:/Users/jeilc/Desktop/385/lab6_2_workspace/mb_hdmi/_ide/bitstream/mb_usb_hdmi_top.bit"
05:45:54 INFO  : Context for processor 'microblaze_0' is selected.
05:45:54 INFO  : Hardware design and registers information is loaded from 'C:/Users/jeilc/Desktop/385/lab6_2_workspace/mb_usb_hdmi_top/export/mb_usb_hdmi_top/hw/mb_usb_hdmi_top.xsa'.
05:45:54 INFO  : 'configparams mdm-detect-bscan-mask 2' command is executed.
05:45:54 INFO  : Context for processor 'microblaze_0' is selected.
05:45:54 INFO  : System reset is completed.
05:45:57 INFO  : 'after 3000' command is executed.
05:45:57 INFO  : Context for processor 'microblaze_0' is selected.
05:45:57 INFO  : The application 'C:/Users/jeilc/Desktop/385/lab6_2_workspace/mb_hdmi/Debug/mb_hdmi.elf' is downloaded to processor 'microblaze_0'.
05:45:57 INFO  : ----------------XSDB Script----------------
connect -url tcp:127.0.0.1:3121
targets -set -filter {jtag_cable_name =~ "RealDigital Boo 8874292301B1A" && level==0 && jtag_device_ctx=="jsn1-0362f093-0"}
fpga -file C:/Users/jeilc/Desktop/385/lab6_2_workspace/mb_hdmi/_ide/bitstream/mb_usb_hdmi_top.bit
targets -set -nocase -filter {name =~ "*microblaze*#0" && bscan=="USER2" }
loadhw -hw C:/Users/jeilc/Desktop/385/lab6_2_workspace/mb_usb_hdmi_top/export/mb_usb_hdmi_top/hw/mb_usb_hdmi_top.xsa -regs
configparams mdm-detect-bscan-mask 2
targets -set -nocase -filter {name =~ "*microblaze*#0" && bscan=="USER2" }
rst -system
after 3000
targets -set -nocase -filter {name =~ "*microblaze*#0" && bscan=="USER2" }
dow C:/Users/jeilc/Desktop/385/lab6_2_workspace/mb_hdmi/Debug/mb_hdmi.elf
----------------End of Script----------------

05:45:57 INFO  : Context for processor 'microblaze_0' is selected.
05:45:57 INFO  : 'con' command is executed.
05:45:57 INFO  : ----------------XSDB Script (After Launch)----------------
targets -set -nocase -filter {name =~ "*microblaze*#0" && bscan=="USER2" }
con
----------------End of Script----------------

05:45:57 INFO  : Disconnected from the channel tcfchan#8.
05:55:11 INFO  : Connected to target on host '127.0.0.1' and port '3121'.
05:55:11 INFO  : Jtag cable 'RealDigital Boo 8874292301B1A' is selected.
05:55:11 INFO  : 'jtag frequency' command is executed.
05:55:11 INFO  : 'targets -set -filter {jtag_cable_name =~ "RealDigital Boo 8874292301B1A" && level==0 && jtag_device_ctx=="jsn1-0362f093-0"}' command is executed.
05:55:13 INFO  : Device configured successfully with "C:/Users/jeilc/Desktop/385/lab6_2_workspace/mb_hdmi/_ide/bitstream/mb_usb_hdmi_top.bit"
05:55:13 INFO  : Context for processor 'microblaze_0' is selected.
05:55:13 INFO  : Hardware design and registers information is loaded from 'C:/Users/jeilc/Desktop/385/lab6_2_workspace/mb_usb_hdmi_top/export/mb_usb_hdmi_top/hw/mb_usb_hdmi_top.xsa'.
05:55:13 INFO  : 'configparams mdm-detect-bscan-mask 2' command is executed.
05:55:13 INFO  : Context for processor 'microblaze_0' is selected.
05:55:13 INFO  : System reset is completed.
05:55:16 INFO  : 'after 3000' command is executed.
05:55:16 INFO  : Context for processor 'microblaze_0' is selected.
05:55:16 INFO  : The application 'C:/Users/jeilc/Desktop/385/lab6_2_workspace/mb_hdmi/Debug/mb_hdmi.elf' is downloaded to processor 'microblaze_0'.
05:55:16 INFO  : ----------------XSDB Script----------------
connect -url tcp:127.0.0.1:3121
targets -set -filter {jtag_cable_name =~ "RealDigital Boo 8874292301B1A" && level==0 && jtag_device_ctx=="jsn1-0362f093-0"}
fpga -file C:/Users/jeilc/Desktop/385/lab6_2_workspace/mb_hdmi/_ide/bitstream/mb_usb_hdmi_top.bit
targets -set -nocase -filter {name =~ "*microblaze*#0" && bscan=="USER2" }
loadhw -hw C:/Users/jeilc/Desktop/385/lab6_2_workspace/mb_usb_hdmi_top/export/mb_usb_hdmi_top/hw/mb_usb_hdmi_top.xsa -regs
configparams mdm-detect-bscan-mask 2
targets -set -nocase -filter {name =~ "*microblaze*#0" && bscan=="USER2" }
rst -system
after 3000
targets -set -nocase -filter {name =~ "*microblaze*#0" && bscan=="USER2" }
dow C:/Users/jeilc/Desktop/385/lab6_2_workspace/mb_hdmi/Debug/mb_hdmi.elf
----------------End of Script----------------

05:55:16 INFO  : Context for processor 'microblaze_0' is selected.
05:55:16 INFO  : 'con' command is executed.
05:55:16 INFO  : ----------------XSDB Script (After Launch)----------------
targets -set -nocase -filter {name =~ "*microblaze*#0" && bscan=="USER2" }
con
----------------End of Script----------------

05:55:16 INFO  : Disconnected from the channel tcfchan#9.
10:54:06 INFO  : Checking for BSP changes to sync application flags for project 'mb_hdmi'...
10:54:27 INFO  : Connected to target on host '127.0.0.1' and port '3121'.
10:54:45 INFO  : ----------------XSDB Script----------------
connect -url tcp:127.0.0.1:3121
----------------End of Script----------------

10:54:45 ERROR : Could not find FPGA device on the board for connection 'Local'.


Troubleshooting hints:
1. Check whether board is connected to system properly.
2. In case of zynq board, check whether Digilent/Xilinx cable switch settings are correct.
3. If you are using Xilinx Platform Cable USB, ensure that status LED is green.
10:57:05 INFO  : Connected to target on host '127.0.0.1' and port '3121'.
10:57:05 INFO  : Jtag cable 'RealDigital Boo 8874292301B1A' is selected.
10:57:05 INFO  : 'jtag frequency' command is executed.
10:57:05 INFO  : 'targets -set -filter {jtag_cable_name =~ "RealDigital Boo 8874292301B1A" && level==0 && jtag_device_ctx=="jsn1-0362f093-0"}' command is executed.
10:57:06 INFO  : Device configured successfully with "C:/Users/jeilc/Desktop/385/lab6_2_workspace/mb_hdmi/_ide/bitstream/mb_usb_hdmi_top.bit"
10:57:07 INFO  : Context for processor 'microblaze_0' is selected.
10:57:07 INFO  : Hardware design and registers information is loaded from 'C:/Users/jeilc/Desktop/385/lab6_2_workspace/mb_usb_hdmi_top/export/mb_usb_hdmi_top/hw/mb_usb_hdmi_top.xsa'.
10:57:07 INFO  : 'configparams mdm-detect-bscan-mask 2' command is executed.
10:57:07 INFO  : Context for processor 'microblaze_0' is selected.
10:57:07 INFO  : System reset is completed.
10:57:10 INFO  : 'after 3000' command is executed.
10:57:10 INFO  : Context for processor 'microblaze_0' is selected.
10:57:10 INFO  : The application 'C:/Users/jeilc/Desktop/385/lab6_2_workspace/mb_hdmi/Debug/mb_hdmi.elf' is downloaded to processor 'microblaze_0'.
10:57:10 INFO  : ----------------XSDB Script----------------
connect -url tcp:127.0.0.1:3121
targets -set -filter {jtag_cable_name =~ "RealDigital Boo 8874292301B1A" && level==0 && jtag_device_ctx=="jsn1-0362f093-0"}
fpga -file C:/Users/jeilc/Desktop/385/lab6_2_workspace/mb_hdmi/_ide/bitstream/mb_usb_hdmi_top.bit
targets -set -nocase -filter {name =~ "*microblaze*#0" && bscan=="USER2" }
loadhw -hw C:/Users/jeilc/Desktop/385/lab6_2_workspace/mb_usb_hdmi_top/export/mb_usb_hdmi_top/hw/mb_usb_hdmi_top.xsa -regs
configparams mdm-detect-bscan-mask 2
targets -set -nocase -filter {name =~ "*microblaze*#0" && bscan=="USER2" }
rst -system
after 3000
targets -set -nocase -filter {name =~ "*microblaze*#0" && bscan=="USER2" }
dow C:/Users/jeilc/Desktop/385/lab6_2_workspace/mb_hdmi/Debug/mb_hdmi.elf
----------------End of Script----------------

10:57:10 INFO  : Context for processor 'microblaze_0' is selected.
10:57:10 INFO  : 'con' command is executed.
10:57:10 INFO  : ----------------XSDB Script (After Launch)----------------
targets -set -nocase -filter {name =~ "*microblaze*#0" && bscan=="USER2" }
con
----------------End of Script----------------

10:57:10 INFO  : Disconnected from the channel tcfchan#10.
11:10:43 INFO  : Checking for BSP changes to sync application flags for project 'mb_hdmi'...
11:10:49 INFO  : Connected to target on host '127.0.0.1' and port '3121'.
11:10:50 INFO  : Jtag cable 'RealDigital Boo 8874292301B1A' is selected.
11:10:50 INFO  : 'jtag frequency' command is executed.
11:10:50 INFO  : 'targets -set -filter {jtag_cable_name =~ "RealDigital Boo 8874292301B1A" && level==0 && jtag_device_ctx=="jsn1-0362f093-0"}' command is executed.
11:10:51 INFO  : Device configured successfully with "C:/Users/jeilc/Desktop/385/lab6_2_workspace/mb_hdmi/_ide/bitstream/mb_usb_hdmi_top.bit"
11:10:51 INFO  : Context for processor 'microblaze_0' is selected.
11:10:51 INFO  : Hardware design and registers information is loaded from 'C:/Users/jeilc/Desktop/385/lab6_2_workspace/mb_usb_hdmi_top/export/mb_usb_hdmi_top/hw/mb_usb_hdmi_top.xsa'.
11:10:51 INFO  : 'configparams mdm-detect-bscan-mask 2' command is executed.
11:10:51 INFO  : Context for processor 'microblaze_0' is selected.
11:10:51 INFO  : System reset is completed.
11:10:54 INFO  : 'after 3000' command is executed.
11:10:54 INFO  : Context for processor 'microblaze_0' is selected.
11:10:55 INFO  : The application 'C:/Users/jeilc/Desktop/385/lab6_2_workspace/mb_hdmi/Debug/mb_hdmi.elf' is downloaded to processor 'microblaze_0'.
11:10:55 INFO  : ----------------XSDB Script----------------
connect -url tcp:127.0.0.1:3121
targets -set -filter {jtag_cable_name =~ "RealDigital Boo 8874292301B1A" && level==0 && jtag_device_ctx=="jsn1-0362f093-0"}
fpga -file C:/Users/jeilc/Desktop/385/lab6_2_workspace/mb_hdmi/_ide/bitstream/mb_usb_hdmi_top.bit
targets -set -nocase -filter {name =~ "*microblaze*#0" && bscan=="USER2" }
loadhw -hw C:/Users/jeilc/Desktop/385/lab6_2_workspace/mb_usb_hdmi_top/export/mb_usb_hdmi_top/hw/mb_usb_hdmi_top.xsa -regs
configparams mdm-detect-bscan-mask 2
targets -set -nocase -filter {name =~ "*microblaze*#0" && bscan=="USER2" }
rst -system
after 3000
targets -set -nocase -filter {name =~ "*microblaze*#0" && bscan=="USER2" }
dow C:/Users/jeilc/Desktop/385/lab6_2_workspace/mb_hdmi/Debug/mb_hdmi.elf
----------------End of Script----------------

11:10:55 INFO  : Context for processor 'microblaze_0' is selected.
11:10:55 INFO  : 'con' command is executed.
11:10:55 INFO  : ----------------XSDB Script (After Launch)----------------
targets -set -nocase -filter {name =~ "*microblaze*#0" && bscan=="USER2" }
con
----------------End of Script----------------

11:10:55 INFO  : Disconnected from the channel tcfchan#11.
11:12:49 INFO  : Checking for BSP changes to sync application flags for project 'mb_hdmi'...
11:12:55 INFO  : Connected to target on host '127.0.0.1' and port '3121'.
11:12:55 INFO  : Jtag cable 'RealDigital Boo 8874292301B1A' is selected.
11:12:55 INFO  : 'jtag frequency' command is executed.
11:12:55 INFO  : 'targets -set -filter {jtag_cable_name =~ "RealDigital Boo 8874292301B1A" && level==0 && jtag_device_ctx=="jsn1-0362f093-0"}' command is executed.
11:12:57 INFO  : Device configured successfully with "C:/Users/jeilc/Desktop/385/lab6_2_workspace/mb_hdmi/_ide/bitstream/mb_usb_hdmi_top.bit"
11:12:57 INFO  : Context for processor 'microblaze_0' is selected.
11:12:57 INFO  : Hardware design and registers information is loaded from 'C:/Users/jeilc/Desktop/385/lab6_2_workspace/mb_usb_hdmi_top/export/mb_usb_hdmi_top/hw/mb_usb_hdmi_top.xsa'.
11:12:57 INFO  : 'configparams mdm-detect-bscan-mask 2' command is executed.
11:12:57 INFO  : Context for processor 'microblaze_0' is selected.
11:12:57 INFO  : System reset is completed.
11:13:00 INFO  : 'after 3000' command is executed.
11:13:00 INFO  : Context for processor 'microblaze_0' is selected.
11:13:00 INFO  : The application 'C:/Users/jeilc/Desktop/385/lab6_2_workspace/mb_hdmi/Debug/mb_hdmi.elf' is downloaded to processor 'microblaze_0'.
11:13:00 INFO  : ----------------XSDB Script----------------
connect -url tcp:127.0.0.1:3121
targets -set -filter {jtag_cable_name =~ "RealDigital Boo 8874292301B1A" && level==0 && jtag_device_ctx=="jsn1-0362f093-0"}
fpga -file C:/Users/jeilc/Desktop/385/lab6_2_workspace/mb_hdmi/_ide/bitstream/mb_usb_hdmi_top.bit
targets -set -nocase -filter {name =~ "*microblaze*#0" && bscan=="USER2" }
loadhw -hw C:/Users/jeilc/Desktop/385/lab6_2_workspace/mb_usb_hdmi_top/export/mb_usb_hdmi_top/hw/mb_usb_hdmi_top.xsa -regs
configparams mdm-detect-bscan-mask 2
targets -set -nocase -filter {name =~ "*microblaze*#0" && bscan=="USER2" }
rst -system
after 3000
targets -set -nocase -filter {name =~ "*microblaze*#0" && bscan=="USER2" }
dow C:/Users/jeilc/Desktop/385/lab6_2_workspace/mb_hdmi/Debug/mb_hdmi.elf
----------------End of Script----------------

11:13:00 INFO  : Context for processor 'microblaze_0' is selected.
11:13:00 INFO  : 'con' command is executed.
11:13:00 INFO  : ----------------XSDB Script (After Launch)----------------
targets -set -nocase -filter {name =~ "*microblaze*#0" && bscan=="USER2" }
con
----------------End of Script----------------

11:13:00 INFO  : Disconnected from the channel tcfchan#12.
12:02:30 INFO  : Hardware specification for platform project 'mb_usb_hdmi_top' is updated.
12:02:44 INFO  : Result from executing command 'removePlatformRepo': 
12:02:55 INFO  : Result from executing command 'getProjects': mb_usb_hdmi_top
12:02:55 INFO  : Result from executing command 'getPlatforms': 
12:02:55 INFO  : Checking for BSP changes to sync application flags for project 'mb_hdmi'...
12:03:00 INFO  : The hardware specification used by project 'mb_hdmi' is out of sync with the platform. Resource files extracted from the hardware specification will be updated.
12:03:00 INFO  : The file 'C:\Users\jeilc\Desktop\385\lab6_2_workspace\mb_hdmi\_ide\bitstream\mb_usb_hdmi_top.bit' stored in project is removed.
12:03:00 INFO  : The file 'C:\Users\jeilc\Desktop\385\lab6_2_workspace\mb_hdmi\_ide\bitstream\mb_usb_hdmi_top.mmi' stored in project is removed.
12:03:00 INFO  : The updated bitstream files are copied from platform to folder 'C:\Users\jeilc\Desktop\385\lab6_2_workspace\mb_hdmi\_ide\bitstream' in project 'mb_hdmi'.
12:03:06 INFO  : Connected to target on host '127.0.0.1' and port '3121'.
12:03:06 INFO  : Jtag cable 'RealDigital Boo 8874292301B1A' is selected.
12:03:06 INFO  : 'jtag frequency' command is executed.
12:03:06 INFO  : 'targets -set -filter {jtag_cable_name =~ "RealDigital Boo 8874292301B1A" && level==0 && jtag_device_ctx=="jsn1-0362f093-0"}' command is executed.
12:03:07 INFO  : Device configured successfully with "C:/Users/jeilc/Desktop/385/lab6_2_workspace/mb_hdmi/_ide/bitstream/mb_usb_hdmi_top.bit"
12:03:08 INFO  : Context for processor 'microblaze_0' is selected.
12:03:08 INFO  : Hardware design and registers information is loaded from 'C:/Users/jeilc/Desktop/385/lab6_2_workspace/mb_usb_hdmi_top/export/mb_usb_hdmi_top/hw/mb_usb_hdmi_top.xsa'.
12:03:08 INFO  : 'configparams mdm-detect-bscan-mask 2' command is executed.
12:03:08 INFO  : Context for processor 'microblaze_0' is selected.
12:03:08 INFO  : System reset is completed.
12:03:11 INFO  : 'after 3000' command is executed.
12:03:11 INFO  : Context for processor 'microblaze_0' is selected.
12:03:11 INFO  : The application 'C:/Users/jeilc/Desktop/385/lab6_2_workspace/mb_hdmi/Debug/mb_hdmi.elf' is downloaded to processor 'microblaze_0'.
12:03:11 INFO  : ----------------XSDB Script----------------
connect -url tcp:127.0.0.1:3121
targets -set -filter {jtag_cable_name =~ "RealDigital Boo 8874292301B1A" && level==0 && jtag_device_ctx=="jsn1-0362f093-0"}
fpga -file C:/Users/jeilc/Desktop/385/lab6_2_workspace/mb_hdmi/_ide/bitstream/mb_usb_hdmi_top.bit
targets -set -nocase -filter {name =~ "*microblaze*#0" && bscan=="USER2" }
loadhw -hw C:/Users/jeilc/Desktop/385/lab6_2_workspace/mb_usb_hdmi_top/export/mb_usb_hdmi_top/hw/mb_usb_hdmi_top.xsa -regs
configparams mdm-detect-bscan-mask 2
targets -set -nocase -filter {name =~ "*microblaze*#0" && bscan=="USER2" }
rst -system
after 3000
targets -set -nocase -filter {name =~ "*microblaze*#0" && bscan=="USER2" }
dow C:/Users/jeilc/Desktop/385/lab6_2_workspace/mb_hdmi/Debug/mb_hdmi.elf
----------------End of Script----------------

12:03:11 INFO  : Context for processor 'microblaze_0' is selected.
12:03:11 INFO  : 'con' command is executed.
12:03:11 INFO  : ----------------XSDB Script (After Launch)----------------
targets -set -nocase -filter {name =~ "*microblaze*#0" && bscan=="USER2" }
con
----------------End of Script----------------

12:03:11 INFO  : Disconnected from the channel tcfchan#15.
12:12:28 INFO  : Hardware specification for platform project 'mb_usb_hdmi_top' is updated.
12:12:40 INFO  : Result from executing command 'removePlatformRepo': 
12:12:52 INFO  : Result from executing command 'getProjects': mb_usb_hdmi_top
12:12:52 INFO  : Result from executing command 'getPlatforms': 
12:12:53 INFO  : Checking for BSP changes to sync application flags for project 'mb_hdmi'...
12:12:57 INFO  : The hardware specification used by project 'mb_hdmi' is out of sync with the platform. Resource files extracted from the hardware specification will be updated.
12:12:57 INFO  : The file 'C:\Users\jeilc\Desktop\385\lab6_2_workspace\mb_hdmi\_ide\bitstream\mb_usb_hdmi_top.bit' stored in project is removed.
12:12:57 INFO  : The file 'C:\Users\jeilc\Desktop\385\lab6_2_workspace\mb_hdmi\_ide\bitstream\mb_usb_hdmi_top.mmi' stored in project is removed.
12:12:57 INFO  : The updated bitstream files are copied from platform to folder 'C:\Users\jeilc\Desktop\385\lab6_2_workspace\mb_hdmi\_ide\bitstream' in project 'mb_hdmi'.
12:13:11 INFO  : Connected to target on host '127.0.0.1' and port '3121'.
12:13:11 INFO  : Jtag cable 'RealDigital Boo 8874292301B1A' is selected.
12:13:11 INFO  : 'jtag frequency' command is executed.
12:13:12 INFO  : 'targets -set -filter {jtag_cable_name =~ "RealDigital Boo 8874292301B1A" && level==0 && jtag_device_ctx=="jsn1-0362f093-0"}' command is executed.
12:13:13 INFO  : Device configured successfully with "C:/Users/jeilc/Desktop/385/lab6_2_workspace/mb_hdmi/_ide/bitstream/mb_usb_hdmi_top.bit"
12:13:13 INFO  : Context for processor 'microblaze_0' is selected.
12:13:13 INFO  : Hardware design and registers information is loaded from 'C:/Users/jeilc/Desktop/385/lab6_2_workspace/mb_usb_hdmi_top/export/mb_usb_hdmi_top/hw/mb_usb_hdmi_top.xsa'.
12:13:13 INFO  : 'configparams mdm-detect-bscan-mask 2' command is executed.
12:13:13 INFO  : Context for processor 'microblaze_0' is selected.
12:13:13 INFO  : System reset is completed.
12:13:16 INFO  : 'after 3000' command is executed.
12:13:16 INFO  : Context for processor 'microblaze_0' is selected.
12:13:16 INFO  : The application 'C:/Users/jeilc/Desktop/385/lab6_2_workspace/mb_hdmi/Debug/mb_hdmi.elf' is downloaded to processor 'microblaze_0'.
12:13:16 INFO  : ----------------XSDB Script----------------
connect -url tcp:127.0.0.1:3121
targets -set -filter {jtag_cable_name =~ "RealDigital Boo 8874292301B1A" && level==0 && jtag_device_ctx=="jsn1-0362f093-0"}
fpga -file C:/Users/jeilc/Desktop/385/lab6_2_workspace/mb_hdmi/_ide/bitstream/mb_usb_hdmi_top.bit
targets -set -nocase -filter {name =~ "*microblaze*#0" && bscan=="USER2" }
loadhw -hw C:/Users/jeilc/Desktop/385/lab6_2_workspace/mb_usb_hdmi_top/export/mb_usb_hdmi_top/hw/mb_usb_hdmi_top.xsa -regs
configparams mdm-detect-bscan-mask 2
targets -set -nocase -filter {name =~ "*microblaze*#0" && bscan=="USER2" }
rst -system
after 3000
targets -set -nocase -filter {name =~ "*microblaze*#0" && bscan=="USER2" }
dow C:/Users/jeilc/Desktop/385/lab6_2_workspace/mb_hdmi/Debug/mb_hdmi.elf
----------------End of Script----------------

12:13:16 INFO  : Context for processor 'microblaze_0' is selected.
12:13:16 INFO  : 'con' command is executed.
12:13:16 INFO  : ----------------XSDB Script (After Launch)----------------
targets -set -nocase -filter {name =~ "*microblaze*#0" && bscan=="USER2" }
con
----------------End of Script----------------

12:13:16 INFO  : Disconnected from the channel tcfchan#18.
16:17:34 INFO  : Hardware specification for platform project 'mb_usb_hdmi_top' is updated.
16:17:43 INFO  : Result from executing command 'removePlatformRepo': 
16:17:52 INFO  : Result from executing command 'getProjects': mb_usb_hdmi_top
16:17:52 INFO  : Result from executing command 'getPlatforms': 
16:17:53 INFO  : Checking for BSP changes to sync application flags for project 'mb_hdmi'...
16:17:56 INFO  : The hardware specification used by project 'mb_hdmi' is out of sync with the platform. Resource files extracted from the hardware specification will be updated.
16:17:56 INFO  : The file 'C:\Users\jeilc\Desktop\385\lab6_2_workspace\mb_hdmi\_ide\bitstream\mb_usb_hdmi_top.bit' stored in project is removed.
16:17:56 INFO  : The file 'C:\Users\jeilc\Desktop\385\lab6_2_workspace\mb_hdmi\_ide\bitstream\mb_usb_hdmi_top.mmi' stored in project is removed.
16:17:56 INFO  : The updated bitstream files are copied from platform to folder 'C:\Users\jeilc\Desktop\385\lab6_2_workspace\mb_hdmi\_ide\bitstream' in project 'mb_hdmi'.
16:18:09 INFO  : Connected to target on host '127.0.0.1' and port '3121'.
16:18:09 INFO  : Jtag cable 'RealDigital Boo 8874292301B1A' is selected.
16:18:09 INFO  : 'jtag frequency' command is executed.
16:18:09 INFO  : 'targets -set -filter {jtag_cable_name =~ "RealDigital Boo 8874292301B1A" && level==0 && jtag_device_ctx=="jsn1-0362f093-0"}' command is executed.
16:18:10 INFO  : Device configured successfully with "C:/Users/jeilc/Desktop/385/lab6_2_workspace/mb_hdmi/_ide/bitstream/mb_usb_hdmi_top.bit"
16:18:10 INFO  : Context for processor 'microblaze_0' is selected.
16:18:11 INFO  : Hardware design and registers information is loaded from 'C:/Users/jeilc/Desktop/385/lab6_2_workspace/mb_usb_hdmi_top/export/mb_usb_hdmi_top/hw/mb_usb_hdmi_top.xsa'.
16:18:11 INFO  : 'configparams mdm-detect-bscan-mask 2' command is executed.
16:18:11 INFO  : Context for processor 'microblaze_0' is selected.
16:18:11 INFO  : System reset is completed.
16:18:14 INFO  : 'after 3000' command is executed.
16:18:14 INFO  : Context for processor 'microblaze_0' is selected.
16:18:14 INFO  : The application 'C:/Users/jeilc/Desktop/385/lab6_2_workspace/mb_hdmi/Debug/mb_hdmi.elf' is downloaded to processor 'microblaze_0'.
16:18:14 INFO  : ----------------XSDB Script----------------
connect -url tcp:127.0.0.1:3121
targets -set -filter {jtag_cable_name =~ "RealDigital Boo 8874292301B1A" && level==0 && jtag_device_ctx=="jsn1-0362f093-0"}
fpga -file C:/Users/jeilc/Desktop/385/lab6_2_workspace/mb_hdmi/_ide/bitstream/mb_usb_hdmi_top.bit
targets -set -nocase -filter {name =~ "*microblaze*#0" && bscan=="USER2" }
loadhw -hw C:/Users/jeilc/Desktop/385/lab6_2_workspace/mb_usb_hdmi_top/export/mb_usb_hdmi_top/hw/mb_usb_hdmi_top.xsa -regs
configparams mdm-detect-bscan-mask 2
targets -set -nocase -filter {name =~ "*microblaze*#0" && bscan=="USER2" }
rst -system
after 3000
targets -set -nocase -filter {name =~ "*microblaze*#0" && bscan=="USER2" }
dow C:/Users/jeilc/Desktop/385/lab6_2_workspace/mb_hdmi/Debug/mb_hdmi.elf
----------------End of Script----------------

16:18:14 INFO  : Context for processor 'microblaze_0' is selected.
16:18:14 INFO  : 'con' command is executed.
16:18:14 INFO  : ----------------XSDB Script (After Launch)----------------
targets -set -nocase -filter {name =~ "*microblaze*#0" && bscan=="USER2" }
con
----------------End of Script----------------

16:18:14 INFO  : Disconnected from the channel tcfchan#21.
16:18:24 INFO  : Connected to target on host '127.0.0.1' and port '3121'.
16:18:24 INFO  : Jtag cable 'RealDigital Boo 8874292301B1A' is selected.
16:18:24 INFO  : 'jtag frequency' command is executed.
16:18:27 ERROR : no targets found with "jtag_cable_name =~ "RealDigital Boo 8874292301B1A" && level==0 && jtag_device_ctx=="jsn1-0362f093-0"". available targets:
  1  xc7s50
     2  MicroBlaze Debug Module at USER2
        3  MicroBlaze #0 (Running)
16:18:27 ERROR : Exception occured while running Program Device.
java.lang.RuntimeException: no targets found with "jtag_cable_name =~ "RealDigital Boo 8874292301B1A" && level==0 && jtag_device_ctx=="jsn1-0362f093-0"". available targets:
  1  xc7s50
     2  MicroBlaze Debug Module at USER2
        3  MicroBlaze #0 (Running)
16:18:27 INFO  : ----------------XSDB Script----------------
connect -url tcp:127.0.0.1:3121
----------------End of Script----------------

16:18:27 ERROR : no targets found with "jtag_cable_name =~ "RealDigital Boo 8874292301B1A" && level==0 && jtag_device_ctx=="jsn1-0362f093-0"". available targets:
  1  xc7s50
     2  MicroBlaze Debug Module at USER2
        3  MicroBlaze #0 (Running)
16:20:49 INFO  : Result from executing command 'removePlatformRepo': 
16:20:59 INFO  : Result from executing command 'getProjects': mb_usb_hdmi_top
16:20:59 INFO  : Result from executing command 'getPlatforms': 
16:20:59 INFO  : Checking for BSP changes to sync application flags for project 'mb_hdmi'...
16:21:25 INFO  : Connected to target on host '127.0.0.1' and port '3121'.
16:21:25 INFO  : Jtag cable 'RealDigital Boo 8874292301B1A' is selected.
16:21:25 INFO  : 'jtag frequency' command is executed.
16:21:28 ERROR : no targets found with "jtag_cable_name =~ "RealDigital Boo 8874292301B1A" && level==0 && jtag_device_ctx=="jsn1-0362f093-0"". available targets:
  1  xc7s50
     2  MicroBlaze Debug Module at USER2
        3  MicroBlaze #0 (Running)
16:21:28 ERROR : Exception occured while running Program Device.
java.lang.RuntimeException: no targets found with "jtag_cable_name =~ "RealDigital Boo 8874292301B1A" && level==0 && jtag_device_ctx=="jsn1-0362f093-0"". available targets:
  1  xc7s50
     2  MicroBlaze Debug Module at USER2
        3  MicroBlaze #0 (Running)
16:21:28 INFO  : ----------------XSDB Script----------------
connect -url tcp:127.0.0.1:3121
----------------End of Script----------------

16:21:28 ERROR : no targets found with "jtag_cable_name =~ "RealDigital Boo 8874292301B1A" && level==0 && jtag_device_ctx=="jsn1-0362f093-0"". available targets:
  1  xc7s50
     2  MicroBlaze Debug Module at USER2
        3  MicroBlaze #0 (Running)
16:21:48 INFO  : Connected to target on host '127.0.0.1' and port '3121'.
16:21:48 INFO  : Jtag cable 'RealDigital Boo 8874292301B1A' is selected.
16:21:48 INFO  : 'jtag frequency' command is executed.
16:21:51 ERROR : no targets found with "jtag_cable_name =~ "RealDigital Boo 8874292301B1A" && level==0 && jtag_device_ctx=="jsn1-0362f093-0"". available targets:
  1  xc7s50
16:21:51 ERROR : Exception occured while running Program Device.
java.lang.RuntimeException: no targets found with "jtag_cable_name =~ "RealDigital Boo 8874292301B1A" && level==0 && jtag_device_ctx=="jsn1-0362f093-0"". available targets:
  1  xc7s50
16:21:51 INFO  : ----------------XSDB Script----------------
connect -url tcp:127.0.0.1:3121
----------------End of Script----------------

16:21:51 ERROR : no targets found with "jtag_cable_name =~ "RealDigital Boo 8874292301B1A" && level==0 && jtag_device_ctx=="jsn1-0362f093-0"". available targets:
  1  xc7s50
16:22:24 DEBUG : Logs will be stored at 'C:/Users/jeilc/Desktop/385/lab6_2_workspace/IDE.log'.
16:22:25 INFO  : Launching XSCT server: xsct.bat -n  -interactive C:\Users\jeilc\Desktop\385\lab6_2_workspace\temp_xsdb_launch_script.tcl
16:22:30 INFO  : Platform repository initialization has completed.
16:22:30 INFO  : XSCT server has started successfully.
16:22:31 INFO  : Registering command handlers for Vitis TCF services
16:22:31 INFO  : plnx-install-location is set to ''
16:22:31 INFO  : Successfully done setting XSCT server connection channel  
16:22:31 INFO  : Successfully done query RDI_DATADIR 
16:22:31 INFO  : Successfully done setting workspace for the tool. 
16:23:58 INFO  : Result from executing command 'removePlatformRepo': 
16:24:05 INFO  : Result from executing command 'getProjects': mb_usb_hdmi_top
16:24:05 INFO  : Result from executing command 'getPlatforms': 
16:24:05 INFO  : Checking for BSP changes to sync application flags for project 'mb_hdmi'...
16:24:13 INFO  : Connected to target on host '127.0.0.1' and port '3121'.
16:24:13 INFO  : Jtag cable 'RealDigital Boo 8874292301B1A' is selected.
16:24:13 INFO  : 'jtag frequency' command is executed.
16:24:13 INFO  : 'targets -set -filter {jtag_cable_name =~ "RealDigital Boo 8874292301B1A" && level==0 && jtag_device_ctx=="jsn1-0362f093-0"}' command is executed.
16:24:15 INFO  : Device configured successfully with "C:/Users/jeilc/Desktop/385/lab6_2_workspace/mb_hdmi/_ide/bitstream/mb_usb_hdmi_top.bit"
16:24:15 INFO  : Context for processor 'microblaze_0' is selected.
16:24:15 INFO  : Hardware design and registers information is loaded from 'C:/Users/jeilc/Desktop/385/lab6_2_workspace/mb_usb_hdmi_top/export/mb_usb_hdmi_top/hw/mb_usb_hdmi_top.xsa'.
16:24:15 INFO  : 'configparams mdm-detect-bscan-mask 2' command is executed.
16:24:15 INFO  : Context for processor 'microblaze_0' is selected.
16:24:15 INFO  : System reset is completed.
16:24:18 INFO  : 'after 3000' command is executed.
16:24:18 INFO  : Context for processor 'microblaze_0' is selected.
16:24:18 INFO  : The application 'C:/Users/jeilc/Desktop/385/lab6_2_workspace/mb_hdmi/Debug/mb_hdmi.elf' is downloaded to processor 'microblaze_0'.
16:24:18 INFO  : ----------------XSDB Script----------------
connect -url tcp:127.0.0.1:3121
targets -set -filter {jtag_cable_name =~ "RealDigital Boo 8874292301B1A" && level==0 && jtag_device_ctx=="jsn1-0362f093-0"}
fpga -file C:/Users/jeilc/Desktop/385/lab6_2_workspace/mb_hdmi/_ide/bitstream/mb_usb_hdmi_top.bit
targets -set -nocase -filter {name =~ "*microblaze*#0" && bscan=="USER2" }
loadhw -hw C:/Users/jeilc/Desktop/385/lab6_2_workspace/mb_usb_hdmi_top/export/mb_usb_hdmi_top/hw/mb_usb_hdmi_top.xsa -regs
configparams mdm-detect-bscan-mask 2
targets -set -nocase -filter {name =~ "*microblaze*#0" && bscan=="USER2" }
rst -system
after 3000
targets -set -nocase -filter {name =~ "*microblaze*#0" && bscan=="USER2" }
dow C:/Users/jeilc/Desktop/385/lab6_2_workspace/mb_hdmi/Debug/mb_hdmi.elf
----------------End of Script----------------

16:24:18 INFO  : Context for processor 'microblaze_0' is selected.
16:24:18 INFO  : 'con' command is executed.
16:24:18 INFO  : ----------------XSDB Script (After Launch)----------------
targets -set -nocase -filter {name =~ "*microblaze*#0" && bscan=="USER2" }
con
----------------End of Script----------------

16:24:18 INFO  : Disconnected from the channel tcfchan#3.
22:09:13 DEBUG : Logs will be stored at 'C:/Users/jeilc/Desktop/385/lab6_2_workspace/IDE.log'.
22:09:13 INFO  : Launching XSCT server: xsct.bat -n  -interactive C:\Users\jeilc\Desktop\385\lab6_2_workspace\temp_xsdb_launch_script.tcl
22:09:16 INFO  : Platform repository initialization has completed.
22:09:17 INFO  : XSCT server has started successfully.
22:09:17 INFO  : Registering command handlers for Vitis TCF services
22:09:17 INFO  : plnx-install-location is set to ''
22:09:17 INFO  : Successfully done setting XSCT server connection channel  
22:09:17 INFO  : Successfully done query RDI_DATADIR 
22:09:17 INFO  : Successfully done setting workspace for the tool. 
22:10:45 DEBUG : Logs will be stored at 'C:/Users/jeilc/Desktop/385/lab6_2_workspace/IDE.log'.
22:10:46 INFO  : Launching XSCT server: xsct.bat -n  -interactive C:\Users\jeilc\Desktop\385\lab6_2_workspace\temp_xsdb_launch_script.tcl
22:10:48 INFO  : Platform repository initialization has completed.
22:10:49 INFO  : Registering command handlers for Vitis TCF services
22:10:49 INFO  : XSCT server has started successfully.
22:10:49 INFO  : Successfully done setting XSCT server connection channel  
22:10:49 INFO  : plnx-install-location is set to ''
22:10:49 INFO  : Successfully done setting workspace for the tool. 
22:10:49 INFO  : Successfully done query RDI_DATADIR 
11:32:23 DEBUG : Logs will be stored at 'C:/Users/jeilc/Desktop/385/lab6_2_workspace/IDE.log'.
11:32:23 INFO  : Launching XSCT server: xsct.bat -n  -interactive C:\Users\jeilc\Desktop\385\lab6_2_workspace\temp_xsdb_launch_script.tcl
11:32:26 INFO  : Platform repository initialization has completed.
11:32:26 INFO  : XSCT server has started successfully.
11:32:26 INFO  : Successfully done setting XSCT server connection channel  
11:32:26 INFO  : Registering command handlers for Vitis TCF services
11:32:27 INFO  : plnx-install-location is set to ''
11:32:27 INFO  : Successfully done setting workspace for the tool. 
11:32:27 INFO  : Successfully done query RDI_DATADIR 
11:32:35 INFO  : Connected to target on host '127.0.0.1' and port '3121'.
11:32:35 INFO  : Jtag cable 'RealDigital Boo 8874292301B1A' is selected.
11:32:35 INFO  : 'jtag frequency' command is executed.
11:32:36 INFO  : 'targets -set -filter {jtag_cable_name =~ "RealDigital Boo 8874292301B1A" && level==0 && jtag_device_ctx=="jsn1-0362f093-0"}' command is executed.
11:32:38 INFO  : Device configured successfully with "C:/Users/jeilc/Desktop/385/lab6_2_workspace/mb_hdmi/_ide/bitstream/mb_usb_hdmi_top.bit"
11:32:38 INFO  : Context for processor 'microblaze_0' is selected.
11:32:38 INFO  : Hardware design and registers information is loaded from 'C:/Users/jeilc/Desktop/385/lab6_2_workspace/mb_usb_hdmi_top/export/mb_usb_hdmi_top/hw/mb_usb_hdmi_top.xsa'.
11:32:38 INFO  : 'configparams mdm-detect-bscan-mask 2' command is executed.
11:32:38 INFO  : Context for processor 'microblaze_0' is selected.
11:32:38 INFO  : System reset is completed.
11:32:41 INFO  : 'after 3000' command is executed.
11:32:41 INFO  : Context for processor 'microblaze_0' is selected.
11:32:41 INFO  : The application 'C:/Users/jeilc/Desktop/385/lab6_2_workspace/mb_hdmi/Debug/mb_hdmi.elf' is downloaded to processor 'microblaze_0'.
11:32:41 INFO  : ----------------XSDB Script----------------
connect -url tcp:127.0.0.1:3121
targets -set -filter {jtag_cable_name =~ "RealDigital Boo 8874292301B1A" && level==0 && jtag_device_ctx=="jsn1-0362f093-0"}
fpga -file C:/Users/jeilc/Desktop/385/lab6_2_workspace/mb_hdmi/_ide/bitstream/mb_usb_hdmi_top.bit
targets -set -nocase -filter {name =~ "*microblaze*#0" && bscan=="USER2" }
loadhw -hw C:/Users/jeilc/Desktop/385/lab6_2_workspace/mb_usb_hdmi_top/export/mb_usb_hdmi_top/hw/mb_usb_hdmi_top.xsa -regs
configparams mdm-detect-bscan-mask 2
targets -set -nocase -filter {name =~ "*microblaze*#0" && bscan=="USER2" }
rst -system
after 3000
targets -set -nocase -filter {name =~ "*microblaze*#0" && bscan=="USER2" }
dow C:/Users/jeilc/Desktop/385/lab6_2_workspace/mb_hdmi/Debug/mb_hdmi.elf
----------------End of Script----------------

11:32:41 INFO  : Context for processor 'microblaze_0' is selected.
11:32:41 INFO  : 'con' command is executed.
11:32:41 INFO  : ----------------XSDB Script (After Launch)----------------
targets -set -nocase -filter {name =~ "*microblaze*#0" && bscan=="USER2" }
con
----------------End of Script----------------

11:32:41 INFO  : Disconnected from the channel tcfchan#1.
